namespace/tekton-pipelines unchanged
podsecuritypolicy.policy/tekton-pipelines configured
clusterrole.rbac.authorization.k8s.io/tekton-pipelines-controller-cluster-access unchanged
clusterrole.rbac.authorization.k8s.io/tekton-pipelines-controller-tenant-access unchanged
clusterrole.rbac.authorization.k8s.io/tekton-pipelines-webhook-cluster-access unchanged
role.rbac.authorization.k8s.io/tekton-pipelines-controller unchanged
role.rbac.authorization.k8s.io/tekton-pipelines-webhook unchanged
role.rbac.authorization.k8s.io/tekton-pipelines-leader-election unchanged
serviceaccount/tekton-pipelines-controller unchanged
serviceaccount/tekton-pipelines-webhook unchanged
clusterrolebinding.rbac.authorization.k8s.io/tekton-pipelines-controller-cluster-access unchanged
clusterrolebinding.rbac.authorization.k8s.io/tekton-pipelines-controller-tenant-access unchanged
clusterrolebinding.rbac.authorization.k8s.io/tekton-pipelines-webhook-cluster-access unchanged
rolebinding.rbac.authorization.k8s.io/tekton-pipelines-controller unchanged
rolebinding.rbac.authorization.k8s.io/tekton-pipelines-webhook unchanged
rolebinding.rbac.authorization.k8s.io/tekton-pipelines-controller-leaderelection unchanged
rolebinding.rbac.authorization.k8s.io/tekton-pipelines-webhook-leaderelection unchanged
customresourcedefinition.apiextensions.k8s.io/clustertasks.tekton.dev configured
customresourcedefinition.apiextensions.k8s.io/conditions.tekton.dev unchanged
customresourcedefinition.apiextensions.k8s.io/images.caching.internal.knative.dev unchanged
customresourcedefinition.apiextensions.k8s.io/pipelines.tekton.dev configured
customresourcedefinition.apiextensions.k8s.io/pipelineruns.tekton.dev configured
customresourcedefinition.apiextensions.k8s.io/pipelineresources.tekton.dev unchanged
customresourcedefinition.apiextensions.k8s.io/runs.tekton.dev configured
customresourcedefinition.apiextensions.k8s.io/tasks.tekton.dev configured
customresourcedefinition.apiextensions.k8s.io/taskruns.tekton.dev configured
secret/webhook-certs unchanged
validatingwebhookconfiguration.admissionregistration.k8s.io/validation.webhook.pipeline.tekton.dev unchanged
mutatingwebhookconfiguration.admissionregistration.k8s.io/webhook.pipeline.tekton.dev unchanged
validatingwebhookconfiguration.admissionregistration.k8s.io/config.webhook.pipeline.tekton.dev unchanged
clusterrole.rbac.authorization.k8s.io/tekton-aggregate-edit unchanged
clusterrole.rbac.authorization.k8s.io/tekton-aggregate-view unchanged
configmap/config-artifact-bucket configured
configmap/config-artifact-pvc configured
configmap/config-defaults configured
configmap/feature-flags configured
configmap/config-leader-election unchanged
configmap/config-logging configured
configmap/config-observability configured
configmap/config-registry-cert unchanged
deployment.apps/tekton-pipelines-controller unchanged
service/tekton-pipelines-controller unchanged
horizontalpodautoscaler.autoscaling/tekton-pipelines-webhook unchanged
poddisruptionbudget.policy/tekton-pipelines-webhook unchanged
deployment.apps/tekton-pipelines-webhook unchanged
service/tekton-pipelines-webhook unchanged
